info: Redis client connected
info: Redis client connected
info: Redis client connected
info: Redis client connected
info: Redis client connected
info: Redis client connected
error: uncaughtException: /home/admin1/Documents/BLabz_Work-master/fundooApp/swagger/swagger.json: Unexpected token } in JSON at position 5245
SyntaxError: /home/admin1/Documents/BLabz_Work-master/fundooApp/swagger/swagger.json: Unexpected token } in JSON at position 5245
    at JSON.parse (<anonymous>)
    at Object.Module._extensions..json (internal/modules/cjs/loader.js:801:27)
    at Module.load (internal/modules/cjs/loader.js:643:32)
    at Function.Module._load (internal/modules/cjs/loader.js:556:12)
    at Module.require (internal/modules/cjs/loader.js:683:19)
    at require (internal/modules/cjs/helpers.js:16:16)
    at Object.<anonymous> (/home/admin1/Documents/BLabz_Work-master/fundooApp/backend/server.js:30:25)
    at Module._compile (internal/modules/cjs/loader.js:776:30)
    at Object.Module._extensions..js (internal/modules/cjs/loader.js:787:10)
    at Module.load (internal/modules/cjs/loader.js:643:32)
    at Function.Module._load (internal/modules/cjs/loader.js:556:12)
    at Function.Module.runMain (internal/modules/cjs/loader.js:839:10)
    at internal/main/run_main_module.js:17:11 {"error":{},"stack":"SyntaxError: /home/admin1/Documents/BLabz_Work-master/fundooApp/swagger/swagger.json: Unexpected token } in JSON at position 5245\n    at JSON.parse (<anonymous>)\n    at Object.Module._extensions..json (internal/modules/cjs/loader.js:801:27)\n    at Module.load (internal/modules/cjs/loader.js:643:32)\n    at Function.Module._load (internal/modules/cjs/loader.js:556:12)\n    at Module.require (internal/modules/cjs/loader.js:683:19)\n    at require (internal/modules/cjs/helpers.js:16:16)\n    at Object.<anonymous> (/home/admin1/Documents/BLabz_Work-master/fundooApp/backend/server.js:30:25)\n    at Module._compile (internal/modules/cjs/loader.js:776:30)\n    at Object.Module._extensions..js (internal/modules/cjs/loader.js:787:10)\n    at Module.load (internal/modules/cjs/loader.js:643:32)\n    at Function.Module._load (internal/modules/cjs/loader.js:556:12)\n    at Function.Module.runMain (internal/modules/cjs/loader.js:839:10)\n    at internal/main/run_main_module.js:17:11","exception":true,"date":"Thu Nov 07 2019 18:37:43 GMT+0530 (India Standard Time)","process":{"pid":5967,"uid":1000,"gid":1000,"cwd":"/home/admin1/Documents/BLabz_Work-master/fundooApp","execPath":"/usr/local/bin/node","version":"v12.6.0","argv":["/usr/local/bin/node","/home/admin1/Documents/BLabz_Work-master/fundooApp/backend/server.js"],"memoryUsage":{"rss":89788416,"heapTotal":64147456,"heapUsed":41170184,"external":22632137}},"os":{"loadavg":[0.7060546875,0.6298828125,0.923828125],"uptime":1311},"trace":[{"column":null,"file":null,"function":"JSON.parse","line":null,"method":"parse","native":false},{"column":27,"file":"internal/modules/cjs/loader.js","function":"Module._extensions..json","line":801,"method":".json","native":false},{"column":32,"file":"internal/modules/cjs/loader.js","function":"Module.load","line":643,"method":"load","native":false},{"column":12,"file":"internal/modules/cjs/loader.js","function":"Module._load","line":556,"method":"_load","native":false},{"column":19,"file":"internal/modules/cjs/loader.js","function":"Module.require","line":683,"method":"require","native":false},{"column":16,"file":"internal/modules/cjs/helpers.js","function":"require","line":16,"method":null,"native":false},{"column":25,"file":"/home/admin1/Documents/BLabz_Work-master/fundooApp/backend/server.js","function":null,"line":30,"method":null,"native":false},{"column":30,"file":"internal/modules/cjs/loader.js","function":"Module._compile","line":776,"method":"_compile","native":false},{"column":10,"file":"internal/modules/cjs/loader.js","function":"Module._extensions..js","line":787,"method":".js","native":false},{"column":32,"file":"internal/modules/cjs/loader.js","function":"Module.load","line":643,"method":"load","native":false},{"column":12,"file":"internal/modules/cjs/loader.js","function":"Module._load","line":556,"method":"_load","native":false},{"column":10,"file":"internal/modules/cjs/loader.js","function":"Module.runMain","line":839,"method":"runMain","native":false},{"column":11,"file":"internal/main/run_main_module.js","function":null,"line":17,"method":null,"native":false}]}
info: Redis client connected
error: uncaughtException: /home/admin1/Documents/BLabz_Work-master/fundooApp/swagger/swagger.json: Unexpected token } in JSON at position 5247
SyntaxError: /home/admin1/Documents/BLabz_Work-master/fundooApp/swagger/swagger.json: Unexpected token } in JSON at position 5247
    at JSON.parse (<anonymous>)
    at Object.Module._extensions..json (internal/modules/cjs/loader.js:801:27)
    at Module.load (internal/modules/cjs/loader.js:643:32)
    at Function.Module._load (internal/modules/cjs/loader.js:556:12)
    at Module.require (internal/modules/cjs/loader.js:683:19)
    at require (internal/modules/cjs/helpers.js:16:16)
    at Object.<anonymous> (/home/admin1/Documents/BLabz_Work-master/fundooApp/backend/server.js:30:25)
    at Module._compile (internal/modules/cjs/loader.js:776:30)
    at Object.Module._extensions..js (internal/modules/cjs/loader.js:787:10)
    at Module.load (internal/modules/cjs/loader.js:643:32)
    at Function.Module._load (internal/modules/cjs/loader.js:556:12)
    at Function.Module.runMain (internal/modules/cjs/loader.js:839:10)
    at internal/main/run_main_module.js:17:11 {"error":{},"stack":"SyntaxError: /home/admin1/Documents/BLabz_Work-master/fundooApp/swagger/swagger.json: Unexpected token } in JSON at position 5247\n    at JSON.parse (<anonymous>)\n    at Object.Module._extensions..json (internal/modules/cjs/loader.js:801:27)\n    at Module.load (internal/modules/cjs/loader.js:643:32)\n    at Function.Module._load (internal/modules/cjs/loader.js:556:12)\n    at Module.require (internal/modules/cjs/loader.js:683:19)\n    at require (internal/modules/cjs/helpers.js:16:16)\n    at Object.<anonymous> (/home/admin1/Documents/BLabz_Work-master/fundooApp/backend/server.js:30:25)\n    at Module._compile (internal/modules/cjs/loader.js:776:30)\n    at Object.Module._extensions..js (internal/modules/cjs/loader.js:787:10)\n    at Module.load (internal/modules/cjs/loader.js:643:32)\n    at Function.Module._load (internal/modules/cjs/loader.js:556:12)\n    at Function.Module.runMain (internal/modules/cjs/loader.js:839:10)\n    at internal/main/run_main_module.js:17:11","exception":true,"date":"Thu Nov 07 2019 18:37:44 GMT+0530 (India Standard Time)","process":{"pid":5981,"uid":1000,"gid":1000,"cwd":"/home/admin1/Documents/BLabz_Work-master/fundooApp","execPath":"/usr/local/bin/node","version":"v12.6.0","argv":["/usr/local/bin/node","/home/admin1/Documents/BLabz_Work-master/fundooApp/backend/server.js"],"memoryUsage":{"rss":89923584,"heapTotal":64147456,"heapUsed":41186736,"external":22640331}},"os":{"loadavg":[0.72998046875,0.63623046875,0.92431640625],"uptime":1312},"trace":[{"column":null,"file":null,"function":"JSON.parse","line":null,"method":"parse","native":false},{"column":27,"file":"internal/modules/cjs/loader.js","function":"Module._extensions..json","line":801,"method":".json","native":false},{"column":32,"file":"internal/modules/cjs/loader.js","function":"Module.load","line":643,"method":"load","native":false},{"column":12,"file":"internal/modules/cjs/loader.js","function":"Module._load","line":556,"method":"_load","native":false},{"column":19,"file":"internal/modules/cjs/loader.js","function":"Module.require","line":683,"method":"require","native":false},{"column":16,"file":"internal/modules/cjs/helpers.js","function":"require","line":16,"method":null,"native":false},{"column":25,"file":"/home/admin1/Documents/BLabz_Work-master/fundooApp/backend/server.js","function":null,"line":30,"method":null,"native":false},{"column":30,"file":"internal/modules/cjs/loader.js","function":"Module._compile","line":776,"method":"_compile","native":false},{"column":10,"file":"internal/modules/cjs/loader.js","function":"Module._extensions..js","line":787,"method":".js","native":false},{"column":32,"file":"internal/modules/cjs/loader.js","function":"Module.load","line":643,"method":"load","native":false},{"column":12,"file":"internal/modules/cjs/loader.js","function":"Module._load","line":556,"method":"_load","native":false},{"column":10,"file":"internal/modules/cjs/loader.js","function":"Module.runMain","line":839,"method":"runMain","native":false},{"column":11,"file":"internal/main/run_main_module.js","function":null,"line":17,"method":null,"native":false}]}
info: Redis client connected
error: uncaughtException: /home/admin1/Documents/BLabz_Work-master/fundooApp/swagger/swagger.json: Unexpected token } in JSON at position 5254
SyntaxError: /home/admin1/Documents/BLabz_Work-master/fundooApp/swagger/swagger.json: Unexpected token } in JSON at position 5254
    at JSON.parse (<anonymous>)
    at Object.Module._extensions..json (internal/modules/cjs/loader.js:801:27)
    at Module.load (internal/modules/cjs/loader.js:643:32)
    at Function.Module._load (internal/modules/cjs/loader.js:556:12)
    at Module.require (internal/modules/cjs/loader.js:683:19)
    at require (internal/modules/cjs/helpers.js:16:16)
    at Object.<anonymous> (/home/admin1/Documents/BLabz_Work-master/fundooApp/backend/server.js:30:25)
    at Module._compile (internal/modules/cjs/loader.js:776:30)
    at Object.Module._extensions..js (internal/modules/cjs/loader.js:787:10)
    at Module.load (internal/modules/cjs/loader.js:643:32)
    at Function.Module._load (internal/modules/cjs/loader.js:556:12)
    at Function.Module.runMain (internal/modules/cjs/loader.js:839:10)
    at internal/main/run_main_module.js:17:11 {"error":{},"stack":"SyntaxError: /home/admin1/Documents/BLabz_Work-master/fundooApp/swagger/swagger.json: Unexpected token } in JSON at position 5254\n    at JSON.parse (<anonymous>)\n    at Object.Module._extensions..json (internal/modules/cjs/loader.js:801:27)\n    at Module.load (internal/modules/cjs/loader.js:643:32)\n    at Function.Module._load (internal/modules/cjs/loader.js:556:12)\n    at Module.require (internal/modules/cjs/loader.js:683:19)\n    at require (internal/modules/cjs/helpers.js:16:16)\n    at Object.<anonymous> (/home/admin1/Documents/BLabz_Work-master/fundooApp/backend/server.js:30:25)\n    at Module._compile (internal/modules/cjs/loader.js:776:30)\n    at Object.Module._extensions..js (internal/modules/cjs/loader.js:787:10)\n    at Module.load (internal/modules/cjs/loader.js:643:32)\n    at Function.Module._load (internal/modules/cjs/loader.js:556:12)\n    at Function.Module.runMain (internal/modules/cjs/loader.js:839:10)\n    at internal/main/run_main_module.js:17:11","exception":true,"date":"Thu Nov 07 2019 18:37:48 GMT+0530 (India Standard Time)","process":{"pid":6004,"uid":1000,"gid":1000,"cwd":"/home/admin1/Documents/BLabz_Work-master/fundooApp","execPath":"/usr/local/bin/node","version":"v12.6.0","argv":["/usr/local/bin/node","/home/admin1/Documents/BLabz_Work-master/fundooApp/backend/server.js"],"memoryUsage":{"rss":90726400,"heapTotal":64409600,"heapUsed":40904032,"external":22527284}},"os":{"loadavg":[0.72998046875,0.63623046875,0.92431640625],"uptime":1315},"trace":[{"column":null,"file":null,"function":"JSON.parse","line":null,"method":"parse","native":false},{"column":27,"file":"internal/modules/cjs/loader.js","function":"Module._extensions..json","line":801,"method":".json","native":false},{"column":32,"file":"internal/modules/cjs/loader.js","function":"Module.load","line":643,"method":"load","native":false},{"column":12,"file":"internal/modules/cjs/loader.js","function":"Module._load","line":556,"method":"_load","native":false},{"column":19,"file":"internal/modules/cjs/loader.js","function":"Module.require","line":683,"method":"require","native":false},{"column":16,"file":"internal/modules/cjs/helpers.js","function":"require","line":16,"method":null,"native":false},{"column":25,"file":"/home/admin1/Documents/BLabz_Work-master/fundooApp/backend/server.js","function":null,"line":30,"method":null,"native":false},{"column":30,"file":"internal/modules/cjs/loader.js","function":"Module._compile","line":776,"method":"_compile","native":false},{"column":10,"file":"internal/modules/cjs/loader.js","function":"Module._extensions..js","line":787,"method":".js","native":false},{"column":32,"file":"internal/modules/cjs/loader.js","function":"Module.load","line":643,"method":"load","native":false},{"column":12,"file":"internal/modules/cjs/loader.js","function":"Module._load","line":556,"method":"_load","native":false},{"column":10,"file":"internal/modules/cjs/loader.js","function":"Module.runMain","line":839,"method":"runMain","native":false},{"column":11,"file":"internal/main/run_main_module.js","function":null,"line":17,"method":null,"native":false}]}
info: Redis client connected
info: Redis client connected
info: Redis client connected
error: uncaughtException: /home/admin1/Documents/BLabz_Work-master/fundooApp/swagger/swagger.json: Unexpected token t in JSON at position 5264
SyntaxError: /home/admin1/Documents/BLabz_Work-master/fundooApp/swagger/swagger.json: Unexpected token t in JSON at position 5264
    at JSON.parse (<anonymous>)
    at Object.Module._extensions..json (internal/modules/cjs/loader.js:801:27)
    at Module.load (internal/modules/cjs/loader.js:643:32)
    at Function.Module._load (internal/modules/cjs/loader.js:556:12)
    at Module.require (internal/modules/cjs/loader.js:683:19)
    at require (internal/modules/cjs/helpers.js:16:16)
    at Object.<anonymous> (/home/admin1/Documents/BLabz_Work-master/fundooApp/backend/server.js:30:25)
    at Module._compile (internal/modules/cjs/loader.js:776:30)
    at Object.Module._extensions..js (internal/modules/cjs/loader.js:787:10)
    at Module.load (internal/modules/cjs/loader.js:643:32)
    at Function.Module._load (internal/modules/cjs/loader.js:556:12)
    at Function.Module.runMain (internal/modules/cjs/loader.js:839:10)
    at internal/main/run_main_module.js:17:11 {"error":{},"stack":"SyntaxError: /home/admin1/Documents/BLabz_Work-master/fundooApp/swagger/swagger.json: Unexpected token t in JSON at position 5264\n    at JSON.parse (<anonymous>)\n    at Object.Module._extensions..json (internal/modules/cjs/loader.js:801:27)\n    at Module.load (internal/modules/cjs/loader.js:643:32)\n    at Function.Module._load (internal/modules/cjs/loader.js:556:12)\n    at Module.require (internal/modules/cjs/loader.js:683:19)\n    at require (internal/modules/cjs/helpers.js:16:16)\n    at Object.<anonymous> (/home/admin1/Documents/BLabz_Work-master/fundooApp/backend/server.js:30:25)\n    at Module._compile (internal/modules/cjs/loader.js:776:30)\n    at Object.Module._extensions..js (internal/modules/cjs/loader.js:787:10)\n    at Module.load (internal/modules/cjs/loader.js:643:32)\n    at Function.Module._load (internal/modules/cjs/loader.js:556:12)\n    at Function.Module.runMain (internal/modules/cjs/loader.js:839:10)\n    at internal/main/run_main_module.js:17:11","exception":true,"date":"Thu Nov 07 2019 18:37:55 GMT+0530 (India Standard Time)","process":{"pid":6058,"uid":1000,"gid":1000,"cwd":"/home/admin1/Documents/BLabz_Work-master/fundooApp","execPath":"/usr/local/bin/node","version":"v12.6.0","argv":["/usr/local/bin/node","/home/admin1/Documents/BLabz_Work-master/fundooApp/backend/server.js"],"memoryUsage":{"rss":88997888,"heapTotal":64147456,"heapUsed":41028704,"external":22595687}},"os":{"loadavg":[0.85791015625,0.6650390625,0.93017578125],"uptime":1322},"trace":[{"column":null,"file":null,"function":"JSON.parse","line":null,"method":"parse","native":false},{"column":27,"file":"internal/modules/cjs/loader.js","function":"Module._extensions..json","line":801,"method":".json","native":false},{"column":32,"file":"internal/modules/cjs/loader.js","function":"Module.load","line":643,"method":"load","native":false},{"column":12,"file":"internal/modules/cjs/loader.js","function":"Module._load","line":556,"method":"_load","native":false},{"column":19,"file":"internal/modules/cjs/loader.js","function":"Module.require","line":683,"method":"require","native":false},{"column":16,"file":"internal/modules/cjs/helpers.js","function":"require","line":16,"method":null,"native":false},{"column":25,"file":"/home/admin1/Documents/BLabz_Work-master/fundooApp/backend/server.js","function":null,"line":30,"method":null,"native":false},{"column":30,"file":"internal/modules/cjs/loader.js","function":"Module._compile","line":776,"method":"_compile","native":false},{"column":10,"file":"internal/modules/cjs/loader.js","function":"Module._extensions..js","line":787,"method":".js","native":false},{"column":32,"file":"internal/modules/cjs/loader.js","function":"Module.load","line":643,"method":"load","native":false},{"column":12,"file":"internal/modules/cjs/loader.js","function":"Module._load","line":556,"method":"_load","native":false},{"column":10,"file":"internal/modules/cjs/loader.js","function":"Module.runMain","line":839,"method":"runMain","native":false},{"column":11,"file":"internal/main/run_main_module.js","function":null,"line":17,"method":null,"native":false}]}
info: Redis client connected
error: uncaughtException: /home/admin1/Documents/BLabz_Work-master/fundooApp/swagger/swagger.json: Unexpected token t in JSON at position 5264
SyntaxError: /home/admin1/Documents/BLabz_Work-master/fundooApp/swagger/swagger.json: Unexpected token t in JSON at position 5264
    at JSON.parse (<anonymous>)
    at Object.Module._extensions..json (internal/modules/cjs/loader.js:801:27)
    at Module.load (internal/modules/cjs/loader.js:643:32)
    at Function.Module._load (internal/modules/cjs/loader.js:556:12)
    at Module.require (internal/modules/cjs/loader.js:683:19)
    at require (internal/modules/cjs/helpers.js:16:16)
    at Object.<anonymous> (/home/admin1/Documents/BLabz_Work-master/fundooApp/backend/server.js:30:25)
    at Module._compile (internal/modules/cjs/loader.js:776:30)
    at Object.Module._extensions..js (internal/modules/cjs/loader.js:787:10)
    at Module.load (internal/modules/cjs/loader.js:643:32)
    at Function.Module._load (internal/modules/cjs/loader.js:556:12)
    at Function.Module.runMain (internal/modules/cjs/loader.js:839:10)
    at internal/main/run_main_module.js:17:11 {"error":{},"stack":"SyntaxError: /home/admin1/Documents/BLabz_Work-master/fundooApp/swagger/swagger.json: Unexpected token t in JSON at position 5264\n    at JSON.parse (<anonymous>)\n    at Object.Module._extensions..json (internal/modules/cjs/loader.js:801:27)\n    at Module.load (internal/modules/cjs/loader.js:643:32)\n    at Function.Module._load (internal/modules/cjs/loader.js:556:12)\n    at Module.require (internal/modules/cjs/loader.js:683:19)\n    at require (internal/modules/cjs/helpers.js:16:16)\n    at Object.<anonymous> (/home/admin1/Documents/BLabz_Work-master/fundooApp/backend/server.js:30:25)\n    at Module._compile (internal/modules/cjs/loader.js:776:30)\n    at Object.Module._extensions..js (internal/modules/cjs/loader.js:787:10)\n    at Module.load (internal/modules/cjs/loader.js:643:32)\n    at Function.Module._load (internal/modules/cjs/loader.js:556:12)\n    at Function.Module.runMain (internal/modules/cjs/loader.js:839:10)\n    at internal/main/run_main_module.js:17:11","exception":true,"date":"Thu Nov 07 2019 18:37:57 GMT+0530 (India Standard Time)","process":{"pid":6082,"uid":1000,"gid":1000,"cwd":"/home/admin1/Documents/BLabz_Work-master/fundooApp","execPath":"/usr/local/bin/node","version":"v12.6.0","argv":["/usr/local/bin/node","/home/admin1/Documents/BLabz_Work-master/fundooApp/backend/server.js"],"memoryUsage":{"rss":90292224,"heapTotal":64409600,"heapUsed":41019840,"external":22523817}},"os":{"loadavg":[0.85791015625,0.6650390625,0.93017578125],"uptime":1324},"trace":[{"column":null,"file":null,"function":"JSON.parse","line":null,"method":"parse","native":false},{"column":27,"file":"internal/modules/cjs/loader.js","function":"Module._extensions..json","line":801,"method":".json","native":false},{"column":32,"file":"internal/modules/cjs/loader.js","function":"Module.load","line":643,"method":"load","native":false},{"column":12,"file":"internal/modules/cjs/loader.js","function":"Module._load","line":556,"method":"_load","native":false},{"column":19,"file":"internal/modules/cjs/loader.js","function":"Module.require","line":683,"method":"require","native":false},{"column":16,"file":"internal/modules/cjs/helpers.js","function":"require","line":16,"method":null,"native":false},{"column":25,"file":"/home/admin1/Documents/BLabz_Work-master/fundooApp/backend/server.js","function":null,"line":30,"method":null,"native":false},{"column":30,"file":"internal/modules/cjs/loader.js","function":"Module._compile","line":776,"method":"_compile","native":false},{"column":10,"file":"internal/modules/cjs/loader.js","function":"Module._extensions..js","line":787,"method":".js","native":false},{"column":32,"file":"internal/modules/cjs/loader.js","function":"Module.load","line":643,"method":"load","native":false},{"column":12,"file":"internal/modules/cjs/loader.js","function":"Module._load","line":556,"method":"_load","native":false},{"column":10,"file":"internal/modules/cjs/loader.js","function":"Module.runMain","line":839,"method":"runMain","native":false},{"column":11,"file":"internal/main/run_main_module.js","function":null,"line":17,"method":null,"native":false}]}
info: Redis client connected
error: uncaughtException: /home/admin1/Documents/BLabz_Work-master/fundooApp/swagger/swagger.json: Unexpected token t in JSON at position 5264
SyntaxError: /home/admin1/Documents/BLabz_Work-master/fundooApp/swagger/swagger.json: Unexpected token t in JSON at position 5264
    at JSON.parse (<anonymous>)
    at Object.Module._extensions..json (internal/modules/cjs/loader.js:801:27)
    at Module.load (internal/modules/cjs/loader.js:643:32)
    at Function.Module._load (internal/modules/cjs/loader.js:556:12)
    at Module.require (internal/modules/cjs/loader.js:683:19)
    at require (internal/modules/cjs/helpers.js:16:16)
    at Object.<anonymous> (/home/admin1/Documents/BLabz_Work-master/fundooApp/backend/server.js:30:25)
    at Module._compile (internal/modules/cjs/loader.js:776:30)
    at Object.Module._extensions..js (internal/modules/cjs/loader.js:787:10)
    at Module.load (internal/modules/cjs/loader.js:643:32)
    at Function.Module._load (internal/modules/cjs/loader.js:556:12)
    at Function.Module.runMain (internal/modules/cjs/loader.js:839:10)
    at internal/main/run_main_module.js:17:11 {"error":{},"stack":"SyntaxError: /home/admin1/Documents/BLabz_Work-master/fundooApp/swagger/swagger.json: Unexpected token t in JSON at position 5264\n    at JSON.parse (<anonymous>)\n    at Object.Module._extensions..json (internal/modules/cjs/loader.js:801:27)\n    at Module.load (internal/modules/cjs/loader.js:643:32)\n    at Function.Module._load (internal/modules/cjs/loader.js:556:12)\n    at Module.require (internal/modules/cjs/loader.js:683:19)\n    at require (internal/modules/cjs/helpers.js:16:16)\n    at Object.<anonymous> (/home/admin1/Documents/BLabz_Work-master/fundooApp/backend/server.js:30:25)\n    at Module._compile (internal/modules/cjs/loader.js:776:30)\n    at Object.Module._extensions..js (internal/modules/cjs/loader.js:787:10)\n    at Module.load (internal/modules/cjs/loader.js:643:32)\n    at Function.Module._load (internal/modules/cjs/loader.js:556:12)\n    at Function.Module.runMain (internal/modules/cjs/loader.js:839:10)\n    at internal/main/run_main_module.js:17:11","exception":true,"date":"Thu Nov 07 2019 18:37:58 GMT+0530 (India Standard Time)","process":{"pid":6097,"uid":1000,"gid":1000,"cwd":"/home/admin1/Documents/BLabz_Work-master/fundooApp","execPath":"/usr/local/bin/node","version":"v12.6.0","argv":["/usr/local/bin/node","/home/admin1/Documents/BLabz_Work-master/fundooApp/backend/server.js"],"memoryUsage":{"rss":89628672,"heapTotal":64409600,"heapUsed":41201624,"external":22574748}},"os":{"loadavg":[0.85791015625,0.6650390625,0.93017578125],"uptime":1326},"trace":[{"column":null,"file":null,"function":"JSON.parse","line":null,"method":"parse","native":false},{"column":27,"file":"internal/modules/cjs/loader.js","function":"Module._extensions..json","line":801,"method":".json","native":false},{"column":32,"file":"internal/modules/cjs/loader.js","function":"Module.load","line":643,"method":"load","native":false},{"column":12,"file":"internal/modules/cjs/loader.js","function":"Module._load","line":556,"method":"_load","native":false},{"column":19,"file":"internal/modules/cjs/loader.js","function":"Module.require","line":683,"method":"require","native":false},{"column":16,"file":"internal/modules/cjs/helpers.js","function":"require","line":16,"method":null,"native":false},{"column":25,"file":"/home/admin1/Documents/BLabz_Work-master/fundooApp/backend/server.js","function":null,"line":30,"method":null,"native":false},{"column":30,"file":"internal/modules/cjs/loader.js","function":"Module._compile","line":776,"method":"_compile","native":false},{"column":10,"file":"internal/modules/cjs/loader.js","function":"Module._extensions..js","line":787,"method":".js","native":false},{"column":32,"file":"internal/modules/cjs/loader.js","function":"Module.load","line":643,"method":"load","native":false},{"column":12,"file":"internal/modules/cjs/loader.js","function":"Module._load","line":556,"method":"_load","native":false},{"column":10,"file":"internal/modules/cjs/loader.js","function":"Module.runMain","line":839,"method":"runMain","native":false},{"column":11,"file":"internal/main/run_main_module.js","function":null,"line":17,"method":null,"native":false}]}
info: Redis client connected
error: uncaughtException: /home/admin1/Documents/BLabz_Work-master/fundooApp/swagger/swagger.json: Unexpected token } in JSON at position 5287
SyntaxError: /home/admin1/Documents/BLabz_Work-master/fundooApp/swagger/swagger.json: Unexpected token } in JSON at position 5287
    at JSON.parse (<anonymous>)
    at Object.Module._extensions..json (internal/modules/cjs/loader.js:801:27)
    at Module.load (internal/modules/cjs/loader.js:643:32)
    at Function.Module._load (internal/modules/cjs/loader.js:556:12)
    at Module.require (internal/modules/cjs/loader.js:683:19)
    at require (internal/modules/cjs/helpers.js:16:16)
    at Object.<anonymous> (/home/admin1/Documents/BLabz_Work-master/fundooApp/backend/server.js:30:25)
    at Module._compile (internal/modules/cjs/loader.js:776:30)
    at Object.Module._extensions..js (internal/modules/cjs/loader.js:787:10)
    at Module.load (internal/modules/cjs/loader.js:643:32)
    at Function.Module._load (internal/modules/cjs/loader.js:556:12)
    at Function.Module.runMain (internal/modules/cjs/loader.js:839:10)
    at internal/main/run_main_module.js:17:11 {"error":{},"stack":"SyntaxError: /home/admin1/Documents/BLabz_Work-master/fundooApp/swagger/swagger.json: Unexpected token } in JSON at position 5287\n    at JSON.parse (<anonymous>)\n    at Object.Module._extensions..json (internal/modules/cjs/loader.js:801:27)\n    at Module.load (internal/modules/cjs/loader.js:643:32)\n    at Function.Module._load (internal/modules/cjs/loader.js:556:12)\n    at Module.require (internal/modules/cjs/loader.js:683:19)\n    at require (internal/modules/cjs/helpers.js:16:16)\n    at Object.<anonymous> (/home/admin1/Documents/BLabz_Work-master/fundooApp/backend/server.js:30:25)\n    at Module._compile (internal/modules/cjs/loader.js:776:30)\n    at Object.Module._extensions..js (internal/modules/cjs/loader.js:787:10)\n    at Module.load (internal/modules/cjs/loader.js:643:32)\n    at Function.Module._load (internal/modules/cjs/loader.js:556:12)\n    at Function.Module.runMain (internal/modules/cjs/loader.js:839:10)\n    at internal/main/run_main_module.js:17:11","exception":true,"date":"Thu Nov 07 2019 18:38:01 GMT+0530 (India Standard Time)","process":{"pid":6111,"uid":1000,"gid":1000,"cwd":"/home/admin1/Documents/BLabz_Work-master/fundooApp","execPath":"/usr/local/bin/node","version":"v12.6.0","argv":["/usr/local/bin/node","/home/admin1/Documents/BLabz_Work-master/fundooApp/backend/server.js"],"memoryUsage":{"rss":90783744,"heapTotal":64409600,"heapUsed":41046128,"external":22615809}},"os":{"loadavg":[1.18994140625,0.7373046875,0.9521484375],"uptime":1328},"trace":[{"column":null,"file":null,"function":"JSON.parse","line":null,"method":"parse","native":false},{"column":27,"file":"internal/modules/cjs/loader.js","function":"Module._extensions..json","line":801,"method":".json","native":false},{"column":32,"file":"internal/modules/cjs/loader.js","function":"Module.load","line":643,"method":"load","native":false},{"column":12,"file":"internal/modules/cjs/loader.js","function":"Module._load","line":556,"method":"_load","native":false},{"column":19,"file":"internal/modules/cjs/loader.js","function":"Module.require","line":683,"method":"require","native":false},{"column":16,"file":"internal/modules/cjs/helpers.js","function":"require","line":16,"method":null,"native":false},{"column":25,"file":"/home/admin1/Documents/BLabz_Work-master/fundooApp/backend/server.js","function":null,"line":30,"method":null,"native":false},{"column":30,"file":"internal/modules/cjs/loader.js","function":"Module._compile","line":776,"method":"_compile","native":false},{"column":10,"file":"internal/modules/cjs/loader.js","function":"Module._extensions..js","line":787,"method":".js","native":false},{"column":32,"file":"internal/modules/cjs/loader.js","function":"Module.load","line":643,"method":"load","native":false},{"column":12,"file":"internal/modules/cjs/loader.js","function":"Module._load","line":556,"method":"_load","native":false},{"column":10,"file":"internal/modules/cjs/loader.js","function":"Module.runMain","line":839,"method":"runMain","native":false},{"column":11,"file":"internal/main/run_main_module.js","function":null,"line":17,"method":null,"native":false}]}
info: Redis client connected
error: uncaughtException: /home/admin1/Documents/BLabz_Work-master/fundooApp/swagger/swagger.json: Unexpected token } in JSON at position 5288
SyntaxError: /home/admin1/Documents/BLabz_Work-master/fundooApp/swagger/swagger.json: Unexpected token } in JSON at position 5288
    at JSON.parse (<anonymous>)
    at Object.Module._extensions..json (internal/modules/cjs/loader.js:801:27)
    at Module.load (internal/modules/cjs/loader.js:643:32)
    at Function.Module._load (internal/modules/cjs/loader.js:556:12)
    at Module.require (internal/modules/cjs/loader.js:683:19)
    at require (internal/modules/cjs/helpers.js:16:16)
    at Object.<anonymous> (/home/admin1/Documents/BLabz_Work-master/fundooApp/backend/server.js:30:25)
    at Module._compile (internal/modules/cjs/loader.js:776:30)
    at Object.Module._extensions..js (internal/modules/cjs/loader.js:787:10)
    at Module.load (internal/modules/cjs/loader.js:643:32)
    at Function.Module._load (internal/modules/cjs/loader.js:556:12)
    at Function.Module.runMain (internal/modules/cjs/loader.js:839:10)
    at internal/main/run_main_module.js:17:11 {"error":{},"stack":"SyntaxError: /home/admin1/Documents/BLabz_Work-master/fundooApp/swagger/swagger.json: Unexpected token } in JSON at position 5288\n    at JSON.parse (<anonymous>)\n    at Object.Module._extensions..json (internal/modules/cjs/loader.js:801:27)\n    at Module.load (internal/modules/cjs/loader.js:643:32)\n    at Function.Module._load (internal/modules/cjs/loader.js:556:12)\n    at Module.require (internal/modules/cjs/loader.js:683:19)\n    at require (internal/modules/cjs/helpers.js:16:16)\n    at Object.<anonymous> (/home/admin1/Documents/BLabz_Work-master/fundooApp/backend/server.js:30:25)\n    at Module._compile (internal/modules/cjs/loader.js:776:30)\n    at Object.Module._extensions..js (internal/modules/cjs/loader.js:787:10)\n    at Module.load (internal/modules/cjs/loader.js:643:32)\n    at Function.Module._load (internal/modules/cjs/loader.js:556:12)\n    at Function.Module.runMain (internal/modules/cjs/loader.js:839:10)\n    at internal/main/run_main_module.js:17:11","exception":true,"date":"Thu Nov 07 2019 18:38:05 GMT+0530 (India Standard Time)","process":{"pid":6136,"uid":1000,"gid":1000,"cwd":"/home/admin1/Documents/BLabz_Work-master/fundooApp","execPath":"/usr/local/bin/node","version":"v12.6.0","argv":["/usr/local/bin/node","/home/admin1/Documents/BLabz_Work-master/fundooApp/backend/server.js"],"memoryUsage":{"rss":89739264,"heapTotal":64147456,"heapUsed":41096464,"external":22640386}},"os":{"loadavg":[1.17431640625,0.74169921875,0.95263671875],"uptime":1332},"trace":[{"column":null,"file":null,"function":"JSON.parse","line":null,"method":"parse","native":false},{"column":27,"file":"internal/modules/cjs/loader.js","function":"Module._extensions..json","line":801,"method":".json","native":false},{"column":32,"file":"internal/modules/cjs/loader.js","function":"Module.load","line":643,"method":"load","native":false},{"column":12,"file":"internal/modules/cjs/loader.js","function":"Module._load","line":556,"method":"_load","native":false},{"column":19,"file":"internal/modules/cjs/loader.js","function":"Module.require","line":683,"method":"require","native":false},{"column":16,"file":"internal/modules/cjs/helpers.js","function":"require","line":16,"method":null,"native":false},{"column":25,"file":"/home/admin1/Documents/BLabz_Work-master/fundooApp/backend/server.js","function":null,"line":30,"method":null,"native":false},{"column":30,"file":"internal/modules/cjs/loader.js","function":"Module._compile","line":776,"method":"_compile","native":false},{"column":10,"file":"internal/modules/cjs/loader.js","function":"Module._extensions..js","line":787,"method":".js","native":false},{"column":32,"file":"internal/modules/cjs/loader.js","function":"Module.load","line":643,"method":"load","native":false},{"column":12,"file":"internal/modules/cjs/loader.js","function":"Module._load","line":556,"method":"_load","native":false},{"column":10,"file":"internal/modules/cjs/loader.js","function":"Module.runMain","line":839,"method":"runMain","native":false},{"column":11,"file":"internal/main/run_main_module.js","function":null,"line":17,"method":null,"native":false}]}
info: Redis client connected
info: Redis client connected
info: Redis client connected
info: Redis client connected
info: Redis client connected
error: check for request body json SyntaxError: Unexpected string in JSON at position 119
    at JSON.parse (<anonymous>)
    at parse (/home/admin1/Documents/BLabz_Work-master/fundooApp/node_modules/body-parser/lib/types/json.js:89:19)
    at /home/admin1/Documents/BLabz_Work-master/fundooApp/node_modules/body-parser/lib/read.js:121:18
    at invokeCallback (/home/admin1/Documents/BLabz_Work-master/fundooApp/node_modules/raw-body/index.js:224:16)
    at done (/home/admin1/Documents/BLabz_Work-master/fundooApp/node_modules/raw-body/index.js:213:7)
    at IncomingMessage.onEnd (/home/admin1/Documents/BLabz_Work-master/fundooApp/node_modules/raw-body/index.js:273:7)
    at IncomingMessage.emit (events.js:208:15)
    at IncomingMessage.EventEmitter.emit (domain.js:471:20)
    at endReadableNT (_stream_readable.js:1154:12)
    at processTicksAndRejections (internal/process/task_queues.js:77:11)
info: Redis client connected
info: Redis client connected
info: Redis client connected
info: Redis client connected
info: Redis client connected
info: Redis client connected
info: Redis client connected
